<?xml version="1.0" encoding="UTF-8"?>
<!-- Generated by org.testng.reporters.JUnitReportReporter -->
<testsuite hostname="LAPTOP-TRPCUAF7" failures="0" tests="1" name="Testing.test5" time="40.585" errors="0" timestamp="2024-08-16T16:34:02 IST" skipped="0">
  <testcase classname="Testing.test5" name="func5" time="40.585"/>
  <system-out/>
</testsuite> <!-- Testing.test5 -->
