<?xml version="1.0" encoding="UTF-8"?>
<!-- Generated by org.testng.reporters.JUnitReportReporter -->
<testsuite hostname="LAPTOP-TRPCUAF7" failures="0" tests="1" name="Testing.test3" time="9.367" errors="0" timestamp="2024-08-16T16:34:02 IST" skipped="0">
  <testcase classname="Testing.test3" name="func3" time="9.367"/>
  <system-out/>
</testsuite> <!-- Testing.test3 -->
